<?xml version="1.0" encoding="UTF-8"?>
<!-- Generated by org.testng.reporters.JUnitReportReporter -->
<testsuite skipped="0" hostname="LAPTOP-DJC8OLDO" name="com.hrms.API.steps.practice.P" tests="1" failures="0" timestamp="2020-10-29T20:40:18 EET" time="0.016" errors="0">
  <testcase name="getOneEmployee" time="0.016" classname="com.hrms.API.steps.practice.P"/>
  <system-out/>
</testsuite> <!-- com.hrms.API.steps.practice.P -->
