<?xml version="1.0" encoding="UTF-8"?>
<!-- Generated by org.testng.reporters.JUnitReportReporter -->
<testsuite skipped="0" hostname="LAPTOP-DJC8OLDO" name="com.hrms.API.steps.practice.TDDConcepts" tests="3" failures="0" timestamp="2020-10-26T16:26:47 EET" time="0.009" errors="0">
  <testcase name="welcome" time="0.001" classname="com.hrms.API.steps.practice.TDDConcepts"/>
  <system-out/>
  <testcase name="tea" time="0.000" classname="com.hrms.API.steps.practice.TDDConcepts"/>
  <system-out/>
  <testcase name="hello" time="0.008" classname="com.hrms.API.steps.practice.TDDConcepts"/>
  <system-out/>
</testsuite> <!-- com.hrms.API.steps.practice.TDDConcepts -->
