<?xml version="1.0" encoding="UTF-8"?>
<!-- Generated by org.testng.reporters.JUnitReportReporter -->
<testsuite skipped="0" hostname="LAPTOP-DJC8OLDO" name="com.hrms.practice.JDBCDemo" tests="1" failures="0" timestamp="2020-10-16T03:08:39 EEST" time="1.432" errors="0">
  <testcase name="newConnection" time="1.432" classname="com.hrms.practice.JDBCDemo"/>
  <system-out/>
</testsuite> <!-- com.hrms.practice.JDBCDemo -->
